19:38:26 **** Incremental Build of configuration Debug for project Lab6 ****
make all 
Building file: ../lc3sim6.c
Invoking: GCC C Compiler
gcc -O0 -g3 -Wall -c -fmessage-length=0 -MMD -MP -MF"lc3sim6.d" -MT"lc3sim6.o" -o "lc3sim6.o" "../lc3sim6.c"
../lc3sim6.c: In function ‘MEM_stage’:
../lc3sim6.c:1010:29: warning: suggest parentheses around comparison in operand of ‘&’ [-Wparentheses]
           if(PS.MEM_ADDRESS & 0x01 == 1)
                             ^
../lc3sim6.c:1038:44: warning: suggest parentheses around comparison in operand of ‘&’ [-Wparentheses]
         else if(PS.MEM_CC & OP1(PS.MEM_IR) != 0)
                                            ^
../lc3sim6.c:1047:27: warning: passing argument 1 of ‘Get_UNCOND_OP’ makes pointer from integer without a cast [-Wint-conversion]
     else if(Get_UNCOND_OP(PS.MEM_IR)) {
                           ^
../lc3sim6.c:146:5: note: expected ‘int *’ but argument is of type ‘int’
 int Get_UNCOND_OP(int *x)      { return (x[MEM_UNCOND_OP]); }
     ^
../lc3sim6.c:1052:25: warning: passing argument 1 of ‘Get_TRAP_OP’ makes pointer from integer without a cast [-Wint-conversion]
     else if(Get_TRAP_OP(PS.MEM_IR)) {
                         ^
../lc3sim6.c:147:5: note: expected ‘int *’ but argument is of type ‘int’
 int Get_TRAP_OP(int *x)        { return (x[MEM_TRAP_OP]); }
     ^
Finished building: ../lc3sim6.c
 
Building target: Lab6
Invoking: GCC C Linker
gcc  -o "Lab6"  ./lc3sim6.o   
Finished building target: Lab6
 
19:39:18 **** Incremental Build of configuration Debug for project Lab6 ****
make all 
make: Nothing to be done for 'all'.
19:39:58 **** Incremental Build of configuration Debug for project Lab6 ****
make all 
make: Nothing to be done for 'all'.
19:42:06 **** Incremental Build of configuration Debug for project Lab6 ****
make all 
make: Nothing to be done for 'all'.
19:44:55 **** Incremental Build of configuration Debug for project Lab6 ****
make all 
Building file: ../lc3sim6.c
Invoking: GCC C Compiler
gcc -O0 -g3 -Wall -c -fmessage-length=0 -MMD -MP -MF"lc3sim6.d" -MT"lc3sim6.o" -o "lc3sim6.o" "../lc3sim6.c"
../lc3sim6.c: In function ‘MEM_stage’:
../lc3sim6.c:1010:29: warning: suggest parentheses around comparison in operand of ‘&’ [-Wparentheses]
           if(PS.MEM_ADDRESS & 0x01 == 1)
                             ^
../lc3sim6.c:1038:44: warning: suggest parentheses around comparison in operand of ‘&’ [-Wparentheses]
         else if(PS.MEM_CC & OP1(PS.MEM_IR) != 0)
                                            ^
../lc3sim6.c:1047:27: warning: passing argument 1 of ‘Get_UNCOND_OP’ makes pointer from integer without a cast [-Wint-conversion]
     else if(Get_UNCOND_OP(PS.MEM_IR)) {
                           ^
../lc3sim6.c:146:5: note: expected ‘int *’ but argument is of type ‘int’
 int Get_UNCOND_OP(int *x)      { return (x[MEM_UNCOND_OP]); }
     ^
../lc3sim6.c:1052:25: warning: passing argument 1 of ‘Get_TRAP_OP’ makes pointer from integer without a cast [-Wint-conversion]
     else if(Get_TRAP_OP(PS.MEM_IR)) {
                         ^
../lc3sim6.c:147:5: note: expected ‘int *’ but argument is of type ‘int’
 int Get_TRAP_OP(int *x)        { return (x[MEM_TRAP_OP]); }
     ^
Finished building: ../lc3sim6.c
 
Building target: Lab6
Invoking: GCC C Linker
gcc  -o "Lab6"  ./lc3sim6.o   
Finished building target: Lab6
 
19:48:07 **** Incremental Build of configuration Debug for project Lab6 ****
make all 
make: Nothing to be done for 'all'.
19:54:30 **** Incremental Build of configuration Debug for project Lab6 ****
make all 
../lc3sim6.c: In function ‘MEM_stage’:
Building file: ../lc3sim6.c
Invoking: GCC C Compiler
gcc -O0 -g3 -Wall -c -fmessage-length=0 -MMD -MP -MF"lc3sim6.d" -MT"lc3sim6.o" -o "lc3sim6.o" "../lc3sim6.c"
../lc3sim6.c:1010:29: warning: suggest parentheses around comparison in operand of ‘&’ [-Wparentheses]
           if(PS.MEM_ADDRESS & 0x01 == 1)
                             ^
../lc3sim6.c:1038:44: warning: suggest parentheses around comparison in operand of ‘&’ [-Wparentheses]
         else if(PS.MEM_CC & OP1(PS.MEM_IR) != 0)
                                            ^
../lc3sim6.c:1047:27: warning: passing argument 1 of ‘Get_UNCOND_OP’ makes pointer from integer without a cast [-Wint-conversion]
     else if(Get_UNCOND_OP(PS.MEM_IR)) {
                           ^
../lc3sim6.c:146:5: note: expected ‘int *’ but argument is of type ‘int’
 int Get_UNCOND_OP(int *x)      { return (x[MEM_UNCOND_OP]); }
     ^
../lc3sim6.c:1052:25: warning: passing argument 1 of ‘Get_TRAP_OP’ makes pointer from integer without a cast [-Wint-conversion]
     else if(Get_TRAP_OP(PS.MEM_IR)) {
                         ^
../lc3sim6.c:147:5: note: expected ‘int *’ but argument is of type ‘int’
 int Get_TRAP_OP(int *x)        { return (x[MEM_TRAP_OP]); }
     ^
Finished building: ../lc3sim6.c
 
Building target: Lab6
Invoking: GCC C Linker
gcc  -o "Lab6"  ./lc3sim6.o   
Finished building target: Lab6
 
19:55:56 **** Incremental Build of configuration Debug for project Lab6 ****
make all 
Building file: ../lc3sim6.c
../lc3sim6.c: In function ‘MEM_stage’:
Invoking: GCC C Compiler
gcc -O0 -g3 -Wall -c -fmessage-length=0 -MMD -MP -MF"lc3sim6.d" -MT"lc3sim6.o" -o "lc3sim6.o" "../lc3sim6.c"
../lc3sim6.c:1010:29: warning: suggest parentheses around comparison in operand of ‘&’ [-Wparentheses]
           if(PS.MEM_ADDRESS & 0x01 == 1)
                             ^
../lc3sim6.c:1038:44: warning: suggest parentheses around comparison in operand of ‘&’ [-Wparentheses]
         else if(PS.MEM_CC & OP1(PS.MEM_IR) != 0)
                                            ^
../lc3sim6.c:1052:25: warning: passing argument 1 of ‘Get_TRAP_OP’ makes pointer from integer without a cast [-Wint-conversion]
     else if(Get_TRAP_OP(PS.MEM_IR)) {
                         ^
../lc3sim6.c:147:5: note: expected ‘int *’ but argument is of type ‘int’
 int Get_TRAP_OP(int *x)        { return (x[MEM_TRAP_OP]); }
     ^
Finished building: ../lc3sim6.c
 
Building target: Lab6
Invoking: GCC C Linker
gcc  -o "Lab6"  ./lc3sim6.o   
Finished building target: Lab6
 
19:56:42 **** Incremental Build of configuration Debug for project Lab6 ****
make all 
Building file: ../lc3sim6.c
Invoking: GCC C Compiler
gcc -O0 -g3 -Wall -c -fmessage-length=0 -MMD -MP -MF"lc3sim6.d" -MT"lc3sim6.o" -o "lc3sim6.o" "../lc3sim6.c"
../lc3sim6.c: In function ‘MEM_stage’:
../lc3sim6.c:1010:29: warning: suggest parentheses around comparison in operand of ‘&’ [-Wparentheses]
           if(PS.MEM_ADDRESS & 0x01 == 1)
                             ^
../lc3sim6.c:1038:44: warning: suggest parentheses around comparison in operand of ‘&’ [-Wparentheses]
         else if(PS.MEM_CC & OP1(PS.MEM_IR) != 0)
                                            ^
Finished building: ../lc3sim6.c
 
Building target: Lab6
Invoking: GCC C Linker
gcc  -o "Lab6"  ./lc3sim6.o   
Finished building target: Lab6
 
19:58:35 **** Incremental Build of configuration Debug for project Lab6 ****
make all 
make: Nothing to be done for 'all'.
20:05:14 **** Incremental Build of configuration Debug for project Lab6 ****
make all 
make: Nothing to be done for 'all'.
20:09:04 **** Incremental Build of configuration Debug for project Lab6 ****
make all 
Building file: ../lc3sim6.c
Invoking: GCC C Compiler
gcc -O0 -g3 -Wall -c -fmessage-length=0 -MMD -MP -MF"lc3sim6.d" -MT"lc3sim6.o" -o "lc3sim6.o" "../lc3sim6.c"
../lc3sim6.c: In function ‘MEM_stage’:
../lc3sim6.c:1010:29: warning: suggest parentheses around comparison in operand of ‘&’ [-Wparentheses]
           if(PS.MEM_ADDRESS & 0x01 == 1)
                             ^
../lc3sim6.c:1038:44: warning: suggest parentheses around comparison in operand of ‘&’ [-Wparentheses]
         else if(PS.MEM_CC & OP1(PS.MEM_IR) != 0)
                                            ^
Finished building: ../lc3sim6.c
 
Building target: Lab6
Invoking: GCC C Linker
gcc  -o "Lab6"  ./lc3sim6.o   
Finished building target: Lab6
 
20:15:33 **** Incremental Build of configuration Debug for project Lab6 ****
make all 
make: Nothing to be done for 'all'.
20:16:52 **** Incremental Build of configuration Debug for project Lab6 ****
make all 
Building file: ../lc3sim6.c
Invoking: GCC C Compiler
gcc -O0 -g3 -Wall -c -fmessage-length=0 -MMD -MP -MF"lc3sim6.d" -MT"lc3sim6.o" -o "lc3sim6.o" "../lc3sim6.c"
../lc3sim6.c: In function ‘MEM_stage’:
../lc3sim6.c:1010:29: warning: suggest parentheses around comparison in operand of ‘&’ [-Wparentheses]
           if(PS.MEM_ADDRESS & 0x01 == 1)
                             ^
../lc3sim6.c:1038:44: warning: suggest parentheses around comparison in operand of ‘&’ [-Wparentheses]
         else if(PS.MEM_CC & OP1(PS.MEM_IR) != 0)
                                            ^
Finished building: ../lc3sim6.c
 
Building target: Lab6
Invoking: GCC C Linker
gcc  -o "Lab6"  ./lc3sim6.o   
Finished building target: Lab6
 
20:19:45 **** Incremental Build of configuration Debug for project Lab6 ****
make all 
Building file: ../lc3sim6.c
../lc3sim6.c: In function ‘MEM_stage’:
Invoking: GCC C Compiler
gcc -O0 -g3 -Wall -c -fmessage-length=0 -MMD -MP -MF"lc3sim6.d" -MT"lc3sim6.o" -o "lc3sim6.o" "../lc3sim6.c"
../lc3sim6.c:1010:29: warning: suggest parentheses around comparison in operand of ‘&’ [-Wparentheses]
           if(PS.MEM_ADDRESS & 0x01 == 1)
                             ^
../lc3sim6.c:1038:44: warning: suggest parentheses around comparison in operand of ‘&’ [-Wparentheses]
         else if(PS.MEM_CC & OP1(PS.MEM_IR) != 0)
                                            ^
Finished building: ../lc3sim6.c
 
Building target: Lab6
Invoking: GCC C Linker
gcc  -o "Lab6"  ./lc3sim6.o   
Finished building target: Lab6
 
20:24:16 **** Incremental Build of configuration Debug for project Lab6 ****
make all 
make: Nothing to be done for 'all'.
20:24:21 **** Incremental Build of configuration Debug for project Lab6 ****
make all 
Building file: ../example0.asm
Invoking: GCC Assembler
as  -o "example0.o" "../example0.asm"
../example0.asm: Assembler messages:
../example0.asm: Warning: end of file not at end of a line; newline inserted
../example0.asm:1: Error: no such instruction: `sequence of independent adds'
../example0.asm:3: Error: unknown pseudo-op: `.orig'
../example0.asm:4: Error: too many memory references for `add'
../example0.asm:5: Error: too many memory references for `add'
../example0.asm:6: Error: too many memory references for `add'
../example0.asm:7: Error: too many memory references for `add'
../example0.asm:8: Error: no such instruction: `halt'
subdir.mk:25: recipe for target 'example0.o' failed
make: *** [example0.o] Error 1
20:24:25 **** Incremental Build of configuration Debug for project Lab6 ****
make all 
Building file: ../example0.asm
Invoking: GCC Assembler
as  -o "example0.o" "../example0.asm"
subdir.mk:25: recipe for target 'example0.o' failed
../example0.asm: Assembler messages:
../example0.asm: Warning: end of file not at end of a line; newline inserted
../example0.asm:1: Error: no such instruction: `sequence of independent adds'
../example0.asm:3: Error: unknown pseudo-op: `.orig'
../example0.asm:4: Error: too many memory references for `add'
../example0.asm:5: Error: too many memory references for `add'
../example0.asm:6: Error: too many memory references for `add'
../example0.asm:7: Error: too many memory references for `add'
../example0.asm:8: Error: no such instruction: `halt'
make: *** [example0.o] Error 1
20:24:36 **** Incremental Build of configuration Debug for project Lab6 ****
make all 
Building file: ../example0.asm
Invoking: GCC Assembler
as  -o "example0.o" "../example0.asm"
../example0.asm: Assembler messages:
../example0.asm: Warning: end of file not at end of a line; newline inserted
../example0.asm:1: Error: no such instruction: `sequence of independent adds'
../example0.asm:3: Error: unknown pseudo-op: `.orig'
../example0.asm:4: Error: too many memory references for `add'
../example0.asm:5: Error: too many memory references for `add'
../example0.asm:6: Error: too many memory references for `add'
../example0.asm:7: Error: too many memory references for `add'
../example0.asm:8: Error: no such instruction: `halt'
make: *** [example0.o] Error 1
subdir.mk:25: recipe for target 'example0.o' failed
20:24:49 **** Incremental Build of configuration Debug for project Lab6 ****
make all 
Building file: ../example0.asm
Invoking: GCC Assembler
as  -o "example0.o" "../example0.asm"
subdir.mk:25: recipe for target 'example0.o' failed
../example0.asm: Assembler messages:
../example0.asm: Warning: end of file not at end of a line; newline inserted
../example0.asm:1: Error: no such instruction: `sequence of independent adds'
../example0.asm:3: Error: unknown pseudo-op: `.orig'
../example0.asm:4: Error: too many memory references for `add'
../example0.asm:5: Error: too many memory references for `add'
../example0.asm:6: Error: too many memory references for `add'
../example0.asm:7: Error: too many memory references for `add'
../example0.asm:8: Error: no such instruction: `halt'
make: *** [example0.o] Error 1
20:25:39 **** Incremental Build of configuration Debug for project Lab6 ****
make all 
Building target: Lab6
Invoking: GCC C Linker
gcc  -o "Lab6"  ./lc3sim6.o   
Finished building target: Lab6
 
20:27:33 **** Incremental Build of configuration Debug for project Lab6 ****
make all 
make: Nothing to be done for 'all'.
20:29:10 **** Incremental Build of configuration Debug for project Lab6 ****
make all 
make: Nothing to be done for 'all'.
20:29:24 **** Incremental Build of configuration Debug for project Lab6 ****
make all 
make: Nothing to be done for 'all'.
20:34:43 **** Incremental Build of configuration Debug for project Lab6 ****
make all 
make: Nothing to be done for 'all'.
20:47:31 **** Incremental Build of configuration Debug for project Lab6 ****
make all 
make: Nothing to be done for 'all'.
20:58:53 **** Incremental Build of configuration Debug for project Lab6 ****
make all 
Building file: ../lc3sim6.c
Invoking: GCC C Compiler
gcc -O0 -g3 -Wall -c -fmessage-length=0 -MMD -MP -MF"lc3sim6.d" -MT"lc3sim6.o" -o "lc3sim6.o" "../lc3sim6.c"
../lc3sim6.c: In function ‘MEM_stage’:
../lc3sim6.c:1010:29: warning: suggest parentheses around comparison in operand of ‘&’ [-Wparentheses]
           if(PS.MEM_ADDRESS & 0x01 == 1)
                             ^
../lc3sim6.c:1038:44: warning: suggest parentheses around comparison in operand of ‘&’ [-Wparentheses]
         else if(PS.MEM_CC & OP1(PS.MEM_IR) != 0)
                                            ^
../lc3sim6.c: In function ‘DE_stage’:
../lc3sim6.c:1259:14: warning: implicit declaration of function ‘BIT5’ [-Wimplicit-function-declaration]
   int bit5 = BIT5(PS.DE_IR);
              ^
../lc3sim6.c:1267:14: warning: implicit declaration of function ‘CONST5’ [-Wimplicit-function-declaration]
    SR2DATA = CONST5(PS.DE_IR);
              ^
Finished building: ../lc3sim6.c
 
Building target: Lab6
Invoking: GCC C Linker
gcc  -o "Lab6"  ./lc3sim6.o   
./lc3sim6.o: In function `DE_stage':
/home/dragon/Desktop/EE460N/Lab6/Lab6/Debug/../lc3sim6.c:1259: undefined reference to `BIT5'
/home/dragon/Desktop/EE460N/Lab6/Lab6/Debug/../lc3sim6.c:1267: undefined reference to `CONST5'
collect2: error: ld returned 1 exit status
make: *** [Lab6] Error 1
makefile:29: recipe for target 'Lab6' failed
21:06:33 **** Incremental Build of configuration Debug for project Lab6 ****
make all 
Building file: ../lc3sim6.c
Invoking: GCC C Compiler
gcc -O0 -g3 -Wall -c -fmessage-length=0 -MMD -MP -MF"lc3sim6.d" -MT"lc3sim6.o" -o "lc3sim6.o" "../lc3sim6.c"
../lc3sim6.c: In function ‘MEM_stage’:
../lc3sim6.c:1010:29: warning: suggest parentheses around comparison in operand of ‘&’ [-Wparentheses]
           if(PS.MEM_ADDRESS & 0x01 == 1)
                             ^
../lc3sim6.c:1038:44: warning: suggest parentheses around comparison in operand of ‘&’ [-Wparentheses]
         else if(PS.MEM_CC & OP1(PS.MEM_IR) != 0)
                                            ^
Finished building: ../lc3sim6.c
 
Building target: Lab6
Invoking: GCC C Linker
gcc  -o "Lab6"  ./lc3sim6.o   
Finished building target: Lab6
 
21:08:52 **** Incremental Build of configuration Debug for project Lab6 ****
make all 
make: Nothing to be done for 'all'.
21:09:35 **** Incremental Build of configuration Debug for project Lab6 ****
make all 
make: Nothing to be done for 'all'.
21:10:22 **** Incremental Build of configuration Debug for project Lab6 ****
make all 
make: Nothing to be done for 'all'.
21:11:23 **** Incremental Build of configuration Debug for project Lab6 ****
make all 
make: Nothing to be done for 'all'.
21:14:28 **** Incremental Build of configuration Debug for project Lab6 ****
make all 
make: Nothing to be done for 'all'.
21:14:59 **** Incremental Build of configuration Debug for project Lab6 ****
make all 
make: Nothing to be done for 'all'.
21:17:09 **** Incremental Build of configuration Debug for project Lab6 ****
make all 
make: Nothing to be done for 'all'.
21:19:28 **** Incremental Build of configuration Debug for project Lab6 ****
make all 
make: Nothing to be done for 'all'.
21:22:59 **** Incremental Build of configuration Debug for project Lab6 ****
make all 
make: Nothing to be done for 'all'.
21:23:10 **** Incremental Build of configuration Debug for project Lab6 ****
make all 
make: Nothing to be done for 'all'.
21:25:02 **** Incremental Build of configuration Debug for project Lab6 ****
make all 
Building file: ../lc3sim6.c
Invoking: GCC C Compiler
gcc -O0 -g3 -Wall -c -fmessage-length=0 -MMD -MP -MF"lc3sim6.d" -MT"lc3sim6.o" -o "lc3sim6.o" "../lc3sim6.c"
../lc3sim6.c: In function ‘MEM_stage’:
../lc3sim6.c:1010:29: warning: suggest parentheses around comparison in operand of ‘&’ [-Wparentheses]
           if(PS.MEM_ADDRESS & 0x01 == 1)
                             ^
../lc3sim6.c:1038:44: warning: suggest parentheses around comparison in operand of ‘&’ [-Wparentheses]
         else if(PS.MEM_CC & OP1(PS.MEM_IR) != 0)
                                            ^
Finished building: ../lc3sim6.c
 
Building target: Lab6
Invoking: GCC C Linker
gcc  -o "Lab6"  ./lc3sim6.o   
Finished building target: Lab6
 
21:30:07 **** Incremental Build of configuration Debug for project Lab6 ****
make all 
make: Nothing to be done for 'all'.
21:31:34 **** Incremental Build of configuration Debug for project Lab6 ****
make all 
make: Nothing to be done for 'all'.
21:34:51 **** Incremental Build of configuration Debug for project Lab6 ****
make all 
make: Nothing to be done for 'all'.
21:35:28 **** Incremental Build of configuration Debug for project Lab6 ****
make all 
make: Nothing to be done for 'all'.
21:36:38 **** Incremental Build of configuration Debug for project Lab6 ****
make all 
make: Nothing to be done for 'all'.
21:36:51 **** Incremental Build of configuration Debug for project Lab6 ****
make all 
make: Nothing to be done for 'all'.
21:39:12 **** Incremental Build of configuration Debug for project Lab6 ****
make all 
make: Nothing to be done for 'all'.
21:39:35 **** Incremental Build of configuration Debug for project Lab6 ****
make all 
make: Nothing to be done for 'all'.
21:40:12 **** Incremental Build of configuration Debug for project Lab6 ****
make all 
make: Nothing to be done for 'all'.
21:40:13 **** Incremental Build of configuration Debug for project Lab6 ****
make all 
make: Nothing to be done for 'all'.
21:42:56 **** Incremental Build of configuration Debug for project Lab6 ****
make all 
Building file: ../lc3sim6.c
Invoking: GCC C Compiler
gcc -O0 -g3 -Wall -c -fmessage-length=0 -MMD -MP -MF"lc3sim6.d" -MT"lc3sim6.o" -o "lc3sim6.o" "../lc3sim6.c"
../lc3sim6.c: In function ‘MEM_stage’:
../lc3sim6.c:1010:29: warning: suggest parentheses around comparison in operand of ‘&’ [-Wparentheses]
           if(PS.MEM_ADDRESS & 0x01 == 1)
                             ^
../lc3sim6.c:1038:44: warning: suggest parentheses around comparison in operand of ‘&’ [-Wparentheses]
         else if(PS.MEM_CC & OP1(PS.MEM_IR) != 0)
                                            ^
Finished building: ../lc3sim6.c
 
Building target: Lab6
Invoking: GCC C Linker
gcc  -o "Lab6"  ./lc3sim6.o   
Finished building target: Lab6
 
21:43:07 **** Incremental Build of configuration Debug for project Lab6 ****
make all 
make: Nothing to be done for 'all'.
21:45:53 **** Incremental Build of configuration Debug for project Lab6 ****
make all 
make: Nothing to be done for 'all'.
21:49:40 **** Incremental Build of configuration Debug for project Lab6 ****
make all 
make: Nothing to be done for 'all'.
21:51:12 **** Incremental Build of configuration Debug for project Lab6 ****
make all 
make: Nothing to be done for 'all'.
